[0.1        0.1        0.1        0.         0.         0.1
 0.         0.         0.1        0.         0.1        0.1
 0.1        0.         0.1        0.         0.1        0.
 0.1        0.         0.1        0.1        0.         0.1
 0.1        0.         0.1        0.         0.06061726 0.
 0.         0.1        0.         0.1        0.         0.
 0.1        0.         0.         0.         0.         0.1
 0.1        0.1        0.         0.         0.         0.
 0.1        0.         0.1        0.1        0.1        0.
 0.1        0.1        0.1        0.         0.         0.1
 0.         0.1        0.         0.1        0.         0.
 0.         0.         0.         0.         0.1        0.
 0.1        0.         0.1        0.1        0.1        0.
 0.1        0.1        0.1        0.         0.         0.1
 0.1        0.1        0.         0.         0.1        0.
 0.1        0.1        0.1        0.         0.1        0.1
 0.1        0.         0.1        0.1        0.1        0.1
 0.1        0.1        0.         0.         0.1        0.1
 0.         0.1        0.1        0.         0.1        0.
 0.         0.1        0.         0.         0.1        0.
 0.         0.         0.1        0.1        0.1        0.1
 0.         0.         0.1        0.1        0.1        0.
 0.1        0.         0.         0.1        0.1        0.
 0.         0.1        0.         0.1        0.         0.1
 0.1        0.1        0.1        0.1        0.         0.
 0.1        0.         0.         0.1        0.         0.1
 0.         0.         0.         0.         0.         0.
 0.         0.1        0.0855394  0.         0.1        0.1
 0.1        0.1        0.1        0.         0.         0.
 0.1        0.1        0.1        0.         0.1        0.
 0.1        0.1        0.         0.         0.         0.
 0.         0.         0.1        0.1        0.1        0.1
 0.1        0.1        0.1        0.         0.1        0.
 0.1        0.1       ]
